<?xml version="1.0" encoding="UTF-8"?>
<testsuite xmlns:xsi="http://www.w3.org/2001/XMLSchema-instance" xsi:noNamespaceSchemaLocation="https://maven.apache.org/surefire/maven-surefire-plugin/xsd/surefire-test-report-3.0.xsd" version="3.0" name="cardgame.CardGameTest" time="0.15" tests="6" errors="0" skipped="0" failures="0">
  <properties>
[...]
</properties>
  <testcase name="emptyLineTest(Path)" classname="cardgame.CardGameTest" time="0.079">
    <system-out><![CDATA[Error: Empty line at line 2
]]></system-out>
  </testcase>
  <testcase name="validFileTest(Path)" classname="cardgame.CardGameTest" time="0.003"/>
  <testcase name="cardValuesInRangeTest(Path)" classname="cardgame.CardGameTest" time="0.033">
    <system-out><![CDATA[Generated input file '/tmp/junit-12943592470257836640/generated.txt' with 32 cards.
]]></system-out>
  </testcase>
  <testcase name="invalidCardValueTest(Path)" classname="cardgame.CardGameTest" time="0.008">
    <system-out><![CDATA[Error: Card value must be between 1 and 13 at line 2: 0
]]></system-out>
  </testcase>
  <testcase name="nonExistentFileTest" classname="cardgame.CardGameTest" time="0.004">
    <system-out><![CDATA[Pack file not found.
]]></system-out>
  </testcase>
  <testcase name="createsCorrectNumberOfCardsTest(Path)" classname="cardgame.CardGameTest" time="0.006">
    <system-out><![CDATA[Generated input file '/tmp/junit-2094033123770865780/generated.txt' with 32 cards.
]]></system-out>
  </testcase>
</testsuite>